<?xml version="1.0" encoding="UTF-8"?>
<!-- Generated by org.testng.reporters.JUnitXMLReporter -->
<testsuite ignored="0" hostname="DESKTOP-OIDSKCV" failures="0" tests="4" name="ChromeTestCases" time="30.869" errors="0" timestamp="2023-10-30T12:37:38 CDT">
  <testcase classname="com.romanceabroad.ui.RegistrationTests" name="testRegistration" time="2.608"/>
  <testcase classname="com.romanceabroad.ui.RegistrationTests" name="testRegistration" time="2.544"/>
  <testcase classname="com.romanceabroad.ui.RegistrationTests" name="testRegistration" time="2.278"/>
  <testcase classname="com.romanceabroad.ui.RegistrationTests" name="testRegistration2" time="4.251"/>
</testsuite> <!-- ChromeTestCases -->
