<?xml version="1.0" encoding="UTF-8"?>
<testsuite xmlns:xsi="http://www.w3.org/2001/XMLSchema-instance" xsi:noNamespaceSchemaLocation="https://maven.apache.org/surefire/maven-surefire-plugin/xsd/surefire-test-report-3.0.xsd" version="3.0" name="TestSuite" time="35.886" tests="4" errors="0" skipped="0" failures="0">
  <properties>
[...]
</properties>
  <testcase name="testRegistration" classname="com.romanceabroad.ui.RegistrationTests" time="2.662"/>
  <testcase name="testRegistration" classname="com.romanceabroad.ui.RegistrationTests" time="4.002"/>
  <testcase name="testRegistration" classname="com.romanceabroad.ui.RegistrationTests" time="2.681"/>
  <testcase name="testRegistration2" classname="com.romanceabroad.ui.RegistrationTests" time="7.294"/>
</testsuite>