<?xml version="1.0" encoding="UTF-8"?>
<!-- Generated by org.testng.reporters.JUnitXMLReporter -->
<testsuite ignored="0" hostname="DESKTOP-OIDSKCV" failures="0" tests="6" name="ChromeTestCases" time="87.579" errors="0" timestamp="2023-10-19T16:39:43 CDT">
  <testcase classname="com.romanceabroad.ui.RegistrationTests" name="testRegistration" time="4.299"/>
  <testcase classname="com.romanceabroad.ui.RegistrationTests" name="testRegistration" time="3.943"/>
  <testcase classname="com.romanceabroad.ui.RegistrationTests" name="testRegistration" time="6.901"/>
  <testcase classname="com.romanceabroad.ui.RegistrationTests" name="testRegistration2" time="8.652"/>
  <testcase classname="com.romanceabroad.ui.RegistrationTests" name="testRegistration2" time="1.554"/>
  <testcase classname="com.romanceabroad.ui.RegistrationTests" name="testRegistration2" time="3.184"/>
</testsuite> <!-- ChromeTestCases -->
