<?xml version="1.0" encoding="UTF-8"?>
<!-- Generated by org.testng.reporters.JUnitXMLReporter -->
<testsuite ignored="0" hostname="DESKTOP-OIDSKCV" failures="0" tests="6" name="FirefoxTestCases" time="85.943" errors="0" timestamp="2023-10-19T16:38:16 CDT">
  <testcase classname="com.romanceabroad.ui.RegistrationTests" name="testRegistration" time="3.797"/>
  <testcase classname="com.romanceabroad.ui.RegistrationTests" name="testRegistration" time="3.976"/>
  <testcase classname="com.romanceabroad.ui.RegistrationTests" name="testRegistration" time="4.041"/>
  <testcase classname="com.romanceabroad.ui.RegistrationTests" name="testRegistration2" time="4.263"/>
  <testcase classname="com.romanceabroad.ui.RegistrationTests" name="testRegistration2" time="0.795"/>
  <testcase classname="com.romanceabroad.ui.RegistrationTests" name="testRegistration2" time="4.447"/>
</testsuite> <!-- FirefoxTestCases -->
