<?xml version="1.0" encoding="UTF-8"?>
<testng-results ignored="0" total="9" passed="8" failed="1" skipped="0">
  <reporter-output>
  </reporter-output>
  <suite started-at="2023-10-31T16:33:06 CDT" name="TestSuite" finished-at="2023-10-31T16:35:36 CDT" duration-ms="150380">
    <groups>
    </groups>
    <test started-at="2023-10-31T16:33:06 CDT" name="ChromeTestCases" finished-at="2023-10-31T16:35:36 CDT" duration-ms="150380">
      <class name="com.romanceabroad.ui.GiftTests">
        <test-method is-config="true" signature="setup(java.lang.String,java.lang.reflect.Method)[pri:0, instance:com.romanceabroad.ui.GiftTests@dbf57b3]" started-at="2023-10-31T16:34:31 CDT" name="setup" finished-at="2023-10-31T16:34:40 CDT" duration-ms="9507" status="PASS">
          <params>
            <param index="0">
              <value>
                <![CDATA[chrome]]>
              </value>
            </param>
            <param index="1">
              <value>
                <![CDATA[public void com.romanceabroad.ui.GiftTests.testGiftsLink()]]>
              </value>
            </param>
          </params>
          <reporter-output>
          </reporter-output>
        </test-method> <!-- setup -->
        <test-method signature="testGiftsLink()[pri:0, instance:com.romanceabroad.ui.GiftTests@dbf57b3]" started-at="2023-10-31T16:34:40 CDT" name="testGiftsLink" finished-at="2023-10-31T16:34:43 CDT" duration-ms="2444" status="PASS">
          <reporter-output>
          </reporter-output>
        </test-method> <!-- testGiftsLink -->
        <test-method is-config="true" signature="afterActions(org.testng.ITestResult)[pri:0, instance:com.romanceabroad.ui.GiftTests@dbf57b3]" started-at="2023-10-31T16:34:43 CDT" name="afterActions" finished-at="2023-10-31T16:34:43 CDT" duration-ms="136" status="PASS">
          <params>
            <param index="0">
              <value>
                <![CDATA[[TestResult name=testGiftsLink status=SUCCESS method=GiftTests.testGiftsLink()[pri:0, instance:com.romanceabroad.ui.GiftTests@dbf57b3] output={null}]]]>
              </value>
            </param>
          </params>
          <reporter-output>
          </reporter-output>
        </test-method> <!-- afterActions -->
      </class> <!-- com.romanceabroad.ui.GiftTests -->
      <class name="com.romanceabroad.ui.BlogTests">
        <test-method is-config="true" signature="setup(java.lang.String,java.lang.reflect.Method)[pri:0, instance:com.romanceabroad.ui.BlogTests@123ef382]" started-at="2023-10-31T16:34:03 CDT" name="setup" finished-at="2023-10-31T16:34:12 CDT" duration-ms="8252" status="PASS">
          <params>
            <param index="0">
              <value>
                <![CDATA[chrome]]>
              </value>
            </param>
            <param index="1">
              <value>
                <![CDATA[public void com.romanceabroad.ui.BlogTests.collectAllLinksOfArticles()]]>
              </value>
            </param>
          </params>
          <reporter-output>
          </reporter-output>
        </test-method> <!-- setup -->
        <test-method signature="collectAllLinksOfArticles()[pri:0, instance:com.romanceabroad.ui.BlogTests@123ef382]" started-at="2023-10-31T16:34:12 CDT" name="collectAllLinksOfArticles" finished-at="2023-10-31T16:34:12 CDT" duration-ms="42" status="PASS">
          <reporter-output>
          </reporter-output>
        </test-method> <!-- collectAllLinksOfArticles -->
        <test-method is-config="true" signature="afterActions(org.testng.ITestResult)[pri:0, instance:com.romanceabroad.ui.BlogTests@123ef382]" started-at="2023-10-31T16:34:12 CDT" name="afterActions" finished-at="2023-10-31T16:34:12 CDT" duration-ms="95" status="PASS">
          <params>
            <param index="0">
              <value>
                <![CDATA[[TestResult name=collectAllLinksOfArticles status=SUCCESS method=BlogTests.collectAllLinksOfArticles()[pri:0, instance:com.romanceabroad.ui.BlogTests@123ef382] output={null}]]]>
              </value>
            </param>
          </params>
          <reporter-output>
          </reporter-output>
        </test-method> <!-- afterActions -->
        <test-method is-config="true" signature="setup(java.lang.String,java.lang.reflect.Method)[pri:0, instance:com.romanceabroad.ui.BlogTests@123ef382]" started-at="2023-10-31T16:34:12 CDT" name="setup" finished-at="2023-10-31T16:34:27 CDT" duration-ms="15383" status="PASS">
          <params>
            <param index="0">
              <value>
                <![CDATA[chrome]]>
              </value>
            </param>
            <param index="1">
              <value>
                <![CDATA[public void com.romanceabroad.ui.BlogTests.testBlogLink()]]>
              </value>
            </param>
          </params>
          <reporter-output>
          </reporter-output>
        </test-method> <!-- setup -->
        <test-method signature="testBlogLink()[pri:0, instance:com.romanceabroad.ui.BlogTests@123ef382]" started-at="2023-10-31T16:34:27 CDT" name="testBlogLink" finished-at="2023-10-31T16:34:30 CDT" duration-ms="3389" status="PASS">
          <reporter-output>
          </reporter-output>
        </test-method> <!-- testBlogLink -->
        <test-method is-config="true" signature="afterActions(org.testng.ITestResult)[pri:0, instance:com.romanceabroad.ui.BlogTests@123ef382]" started-at="2023-10-31T16:34:30 CDT" name="afterActions" finished-at="2023-10-31T16:34:31 CDT" duration-ms="102" status="PASS">
          <params>
            <param index="0">
              <value>
                <![CDATA[[TestResult name=testBlogLink status=SUCCESS method=BlogTests.testBlogLink()[pri:0, instance:com.romanceabroad.ui.BlogTests@123ef382] output={null}]]]>
              </value>
            </param>
          </params>
          <reporter-output>
          </reporter-output>
        </test-method> <!-- afterActions -->
      </class> <!-- com.romanceabroad.ui.BlogTests -->
      <class name="com.romanceabroad.ui.RegistrationTests">
        <test-method is-config="true" signature="setup(java.lang.String,java.lang.reflect.Method)[pri:0, instance:com.romanceabroad.ui.RegistrationTests@27ce24aa]" started-at="2023-10-31T16:33:06 CDT" name="setup" finished-at="2023-10-31T16:33:15 CDT" duration-ms="9106" status="PASS">
          <params>
            <param index="0">
              <value>
                <![CDATA[chrome]]>
              </value>
            </param>
            <param index="1">
              <value>
                <![CDATA[public void com.romanceabroad.ui.RegistrationTests.testRegistration(java.lang.String,java.lang.String,java.lang.String,java.lang.String,java.lang.String,java.lang.String,java.lang.String,java.lang.String)]]>
              </value>
            </param>
          </params>
          <reporter-output>
          </reporter-output>
        </test-method> <!-- setup -->
        <test-method signature="testRegistration(java.lang.String,java.lang.String,java.lang.String,java.lang.String,java.lang.String,java.lang.String,java.lang.String,java.lang.String)[pri:0, instance:com.romanceabroad.ui.RegistrationTests@27ce24aa]" started-at="2023-10-31T16:33:15 CDT" name="testRegistration" data-provider="Registration" finished-at="2023-10-31T16:33:18 CDT" duration-ms="2791" status="PASS">
          <params>
            <param index="0">
              <value>
                <![CDATA[streetracer@gmail.com]]>
              </value>
            </param>
            <param index="1">
              <value>
                <![CDATA[p@ssw0rd]]>
              </value>
            </param>
            <param index="2">
              <value>
                <![CDATA[21]]>
              </value>
            </param>
            <param index="3">
              <value>
                <![CDATA[June]]>
              </value>
            </param>
            <param index="4">
              <value>
                <![CDATA[1999]]>
              </value>
            </param>
            <param index="5">
              <value>
                <![CDATA[987654321]]>
              </value>
            </param>
            <param index="6">
              <value>
                <![CDATA[Sydney]]>
              </value>
            </param>
            <param index="7">
              <value>
                <![CDATA[State of New South Wales]]>
              </value>
            </param>
          </params>
          <reporter-output>
          </reporter-output>
        </test-method> <!-- testRegistration -->
        <test-method is-config="true" signature="afterActions(org.testng.ITestResult)[pri:0, instance:com.romanceabroad.ui.RegistrationTests@27ce24aa]" started-at="2023-10-31T16:33:18 CDT" name="afterActions" finished-at="2023-10-31T16:33:18 CDT" duration-ms="409" status="PASS">
          <params>
            <param index="0">
              <value>
                <![CDATA[[TestResult name=testRegistration status=SUCCESS method=RegistrationTests.testRegistration(java.lang.String,java.lang.String,java.lang.String,java.lang.String,java.lang.String,java.lang.String,java.lang.String,java.lang.String)[pri:0, instance:com.romanceabroad.ui.RegistrationTests@27ce24aa] output={null}]]]>
              </value>
            </param>
          </params>
          <reporter-output>
          </reporter-output>
        </test-method> <!-- afterActions -->
        <test-method is-config="true" signature="setup(java.lang.String,java.lang.reflect.Method)[pri:0, instance:com.romanceabroad.ui.RegistrationTests@27ce24aa]" started-at="2023-10-31T16:33:18 CDT" name="setup" finished-at="2023-10-31T16:33:26 CDT" duration-ms="7579" status="PASS">
          <params>
            <param index="0">
              <value>
                <![CDATA[chrome]]>
              </value>
            </param>
            <param index="1">
              <value>
                <![CDATA[public void com.romanceabroad.ui.RegistrationTests.testRegistration(java.lang.String,java.lang.String,java.lang.String,java.lang.String,java.lang.String,java.lang.String,java.lang.String,java.lang.String)]]>
              </value>
            </param>
          </params>
          <reporter-output>
          </reporter-output>
        </test-method> <!-- setup -->
        <test-method signature="testRegistration(java.lang.String,java.lang.String,java.lang.String,java.lang.String,java.lang.String,java.lang.String,java.lang.String,java.lang.String)[pri:0, instance:com.romanceabroad.ui.RegistrationTests@27ce24aa]" started-at="2023-10-31T16:33:26 CDT" name="testRegistration" data-provider="Registration" finished-at="2023-10-31T16:33:28 CDT" duration-ms="2382" status="PASS">
          <params>
            <param index="0">
              <value>
                <![CDATA[abc@gmail.com]]>
              </value>
            </param>
            <param index="1">
              <value>
                <![CDATA[pass!!!]]>
              </value>
            </param>
            <param index="2">
              <value>
                <![CDATA[43]]>
              </value>
            </param>
            <param index="3">
              <value>
                <![CDATA[October]]>
              </value>
            </param>
            <param index="4">
              <value>
                <![CDATA[1950]]>
              </value>
            </param>
            <param index="5">
              <value>
                <![CDATA[45638829874]]>
              </value>
            </param>
            <param index="6">
              <value>
                <![CDATA[Sydney]]>
              </value>
            </param>
            <param index="7">
              <value>
                <![CDATA[State of New South Wales]]>
              </value>
            </param>
          </params>
          <reporter-output>
          </reporter-output>
        </test-method> <!-- testRegistration -->
        <test-method is-config="true" signature="afterActions(org.testng.ITestResult)[pri:0, instance:com.romanceabroad.ui.RegistrationTests@27ce24aa]" started-at="2023-10-31T16:33:28 CDT" name="afterActions" finished-at="2023-10-31T16:33:28 CDT" duration-ms="164" status="PASS">
          <params>
            <param index="0">
              <value>
                <![CDATA[[TestResult name=testRegistration status=SUCCESS method=RegistrationTests.testRegistration(java.lang.String,java.lang.String,java.lang.String,java.lang.String,java.lang.String,java.lang.String,java.lang.String,java.lang.String)[pri:0, instance:com.romanceabroad.ui.RegistrationTests@27ce24aa] output={null}]]]>
              </value>
            </param>
          </params>
          <reporter-output>
          </reporter-output>
        </test-method> <!-- afterActions -->
        <test-method is-config="true" signature="setup(java.lang.String,java.lang.reflect.Method)[pri:0, instance:com.romanceabroad.ui.RegistrationTests@27ce24aa]" started-at="2023-10-31T16:33:28 CDT" name="setup" finished-at="2023-10-31T16:33:33 CDT" duration-ms="4557" status="PASS">
          <params>
            <param index="0">
              <value>
                <![CDATA[chrome]]>
              </value>
            </param>
            <param index="1">
              <value>
                <![CDATA[public void com.romanceabroad.ui.RegistrationTests.testRegistration(java.lang.String,java.lang.String,java.lang.String,java.lang.String,java.lang.String,java.lang.String,java.lang.String,java.lang.String)]]>
              </value>
            </param>
          </params>
          <reporter-output>
          </reporter-output>
        </test-method> <!-- setup -->
        <test-method signature="testRegistration(java.lang.String,java.lang.String,java.lang.String,java.lang.String,java.lang.String,java.lang.String,java.lang.String,java.lang.String)[pri:0, instance:com.romanceabroad.ui.RegistrationTests@27ce24aa]" started-at="2023-10-31T16:33:33 CDT" name="testRegistration" data-provider="Registration" finished-at="2023-10-31T16:33:42 CDT" duration-ms="9048" status="PASS">
          <params>
            <param index="0">
              <value>
                <![CDATA[regal@yahoo.com]]>
              </value>
            </param>
            <param index="1">
              <value>
                <![CDATA[passW00rd]]>
              </value>
            </param>
            <param index="2">
              <value>
                <![CDATA[55]]>
              </value>
            </param>
            <param index="3">
              <value>
                <![CDATA[April]]>
              </value>
            </param>
            <param index="4">
              <value>
                <![CDATA[2002]]>
              </value>
            </param>
            <param index="5">
              <value>
                <![CDATA[4675875382]]>
              </value>
            </param>
            <param index="6">
              <value>
                <![CDATA[Sydney]]>
              </value>
            </param>
            <param index="7">
              <value>
                <![CDATA[State of New South Wales]]>
              </value>
            </param>
          </params>
          <reporter-output>
          </reporter-output>
        </test-method> <!-- testRegistration -->
        <test-method is-config="true" signature="afterActions(org.testng.ITestResult)[pri:0, instance:com.romanceabroad.ui.RegistrationTests@27ce24aa]" started-at="2023-10-31T16:33:42 CDT" name="afterActions" finished-at="2023-10-31T16:33:42 CDT" duration-ms="100" status="PASS">
          <params>
            <param index="0">
              <value>
                <![CDATA[[TestResult name=testRegistration status=SUCCESS method=RegistrationTests.testRegistration(java.lang.String,java.lang.String,java.lang.String,java.lang.String,java.lang.String,java.lang.String,java.lang.String,java.lang.String)[pri:0, instance:com.romanceabroad.ui.RegistrationTests@27ce24aa] output={null}]]]>
              </value>
            </param>
          </params>
          <reporter-output>
          </reporter-output>
        </test-method> <!-- afterActions -->
        <test-method is-config="true" signature="setup(java.lang.String,java.lang.reflect.Method)[pri:0, instance:com.romanceabroad.ui.RegistrationTests@27ce24aa]" started-at="2023-10-31T16:33:42 CDT" name="setup" finished-at="2023-10-31T16:33:58 CDT" duration-ms="16423" status="PASS">
          <params>
            <param index="0">
              <value>
                <![CDATA[chrome]]>
              </value>
            </param>
            <param index="1">
              <value>
                <![CDATA[public void com.romanceabroad.ui.RegistrationTests.testRegistration2(java.lang.String,java.lang.String,boolean)]]>
              </value>
            </param>
          </params>
          <reporter-output>
          </reporter-output>
        </test-method> <!-- setup -->
        <test-method signature="testRegistration2(java.lang.String,java.lang.String,boolean)[pri:0, instance:com.romanceabroad.ui.RegistrationTests@27ce24aa]" started-at="2023-10-31T16:33:58 CDT" name="testRegistration2" data-provider="Registration2" finished-at="2023-10-31T16:34:03 CDT" duration-ms="4649" status="PASS">
          <params>
            <param index="0">
              <value>
                <![CDATA[11@gmail.com]]>
              </value>
            </param>
            <param index="1">
              <value>
                <![CDATA[Test84952]]>
              </value>
            </param>
            <param index="2">
              <value>
                <![CDATA[true]]>
              </value>
            </param>
          </params>
          <reporter-output>
          </reporter-output>
        </test-method> <!-- testRegistration2 -->
        <test-method is-config="true" signature="afterActions(org.testng.ITestResult)[pri:0, instance:com.romanceabroad.ui.RegistrationTests@27ce24aa]" started-at="2023-10-31T16:34:03 CDT" name="afterActions" finished-at="2023-10-31T16:34:03 CDT" duration-ms="128" status="PASS">
          <params>
            <param index="0">
              <value>
                <![CDATA[[TestResult name=testRegistration2 status=SUCCESS method=RegistrationTests.testRegistration2(java.lang.String,java.lang.String,boolean)[pri:0, instance:com.romanceabroad.ui.RegistrationTests@27ce24aa] output={null}]]]>
              </value>
            </param>
          </params>
          <reporter-output>
          </reporter-output>
        </test-method> <!-- afterActions -->
      </class> <!-- com.romanceabroad.ui.RegistrationTests -->
      <class name="com.romanceabroad.ui.MainTests">
        <test-method is-config="true" signature="setup(java.lang.String,java.lang.reflect.Method)[pri:0, instance:com.romanceabroad.ui.MainTests@384ad17b]" started-at="2023-10-31T16:34:43 CDT" name="setup" finished-at="2023-10-31T16:34:53 CDT" duration-ms="10759" status="PASS">
          <params>
            <param index="0">
              <value>
                <![CDATA[chrome]]>
              </value>
            </param>
            <param index="1">
              <value>
                <![CDATA[public void com.romanceabroad.ui.MainTests.MainPageTest()]]>
              </value>
            </param>
          </params>
          <reporter-output>
          </reporter-output>
        </test-method> <!-- setup -->
        <test-method signature="MainPageTest()[pri:0, instance:com.romanceabroad.ui.MainTests@384ad17b]" started-at="2023-10-31T16:34:53 CDT" name="MainPageTest" finished-at="2023-10-31T16:34:54 CDT" duration-ms="131" status="FAIL">
          <exception class="java.lang.AssertionError">
            <message>
              <![CDATA[Video is not displayed]]>
            </message>
            <full-stacktrace>
              <![CDATA[java.lang.AssertionError: Video is not displayed
at org.testng.Assert.fail(Assert.java:111)
at com.romanceabroad.ui.MainTests.MainPageTest(MainTests.java:20)
at java.base/jdk.internal.reflect.NativeMethodAccessorImpl.invoke0(Native Method)
at java.base/jdk.internal.reflect.NativeMethodAccessorImpl.invoke(NativeMethodAccessorImpl.java:77)
at java.base/jdk.internal.reflect.DelegatingMethodAccessorImpl.invoke(DelegatingMethodAccessorImpl.java:43)
at java.base/java.lang.reflect.Method.invoke(Method.java:568)
at org.testng.internal.invokers.MethodInvocationHelper.invokeMethod(MethodInvocationHelper.java:139)
at org.testng.internal.invokers.TestInvoker.invokeMethod(TestInvoker.java:664)
at org.testng.internal.invokers.TestInvoker.invokeTestMethod(TestInvoker.java:227)
at org.testng.internal.invokers.MethodRunner.runInSequence(MethodRunner.java:50)
at org.testng.internal.invokers.TestInvoker$MethodInvocationAgent.invoke(TestInvoker.java:957)
at org.testng.internal.invokers.TestInvoker.invokeTestMethods(TestInvoker.java:200)
at org.testng.internal.invokers.TestMethodWorker.invokeTestMethods(TestMethodWorker.java:148)
at org.testng.internal.invokers.TestMethodWorker.run(TestMethodWorker.java:128)
at java.base/java.util.ArrayList.forEach(ArrayList.java:1511)
at org.testng.TestRunner.privateRun(TestRunner.java:848)
at org.testng.TestRunner.run(TestRunner.java:621)
at org.testng.SuiteRunner.runTest(SuiteRunner.java:443)
at org.testng.SuiteRunner.runSequentially(SuiteRunner.java:437)
at org.testng.SuiteRunner.privateRun(SuiteRunner.java:397)
at org.testng.SuiteRunner.run(SuiteRunner.java:336)
at org.testng.SuiteRunnerWorker.runSuite(SuiteRunnerWorker.java:52)
at org.testng.SuiteRunnerWorker.run(SuiteRunnerWorker.java:95)
at org.testng.TestNG.runSuitesSequentially(TestNG.java:1280)
at org.testng.TestNG.runSuitesLocally(TestNG.java:1200)
at org.testng.TestNG.runSuites(TestNG.java:1114)
at org.testng.TestNG.run(TestNG.java:1082)
at org.apache.maven.surefire.testng.TestNGExecutor.run(TestNGExecutor.java:283)
at org.apache.maven.surefire.testng.TestNGXmlTestSuite.execute(TestNGXmlTestSuite.java:75)
at org.apache.maven.surefire.testng.TestNGProvider.invoke(TestNGProvider.java:120)
at org.apache.maven.surefire.booter.ForkedBooter.invokeProviderInSameClassLoader(ForkedBooter.java:384)
at org.apache.maven.surefire.booter.ForkedBooter.runSuitesInProcess(ForkedBooter.java:345)
at org.apache.maven.surefire.booter.ForkedBooter.execute(ForkedBooter.java:126)
at org.apache.maven.surefire.booter.ForkedBooter.main(ForkedBooter.java:418)
]]>
            </full-stacktrace>
          </exception> <!-- java.lang.AssertionError -->
          <reporter-output>
          </reporter-output>
        </test-method> <!-- MainPageTest -->
        <test-method is-config="true" signature="afterActions(org.testng.ITestResult)[pri:0, instance:com.romanceabroad.ui.MainTests@384ad17b]" started-at="2023-10-31T16:34:54 CDT" name="afterActions" finished-at="2023-10-31T16:34:55 CDT" duration-ms="1256" status="PASS">
          <params>
            <param index="0">
              <value>
                <![CDATA[[TestResult name=MainPageTest status=FAILURE method=MainTests.MainPageTest()[pri:0, instance:com.romanceabroad.ui.MainTests@384ad17b] output={null}]]]>
              </value>
            </param>
          </params>
          <reporter-output>
          </reporter-output>
        </test-method> <!-- afterActions -->
        <test-method is-config="true" signature="setup(java.lang.String,java.lang.reflect.Method)[pri:0, instance:com.romanceabroad.ui.MainTests@384ad17b]" started-at="2023-10-31T16:34:55 CDT" name="setup" finished-at="2023-10-31T16:35:07 CDT" duration-ms="12621" status="PASS">
          <params>
            <param index="0">
              <value>
                <![CDATA[chrome]]>
              </value>
            </param>
            <param index="1">
              <value>
                <![CDATA[public void com.romanceabroad.ui.MainTests.testLinksOnMainPage()]]>
              </value>
            </param>
          </params>
          <reporter-output>
          </reporter-output>
        </test-method> <!-- setup -->
        <test-method signature="testLinksOnMainPage()[pri:0, instance:com.romanceabroad.ui.MainTests@384ad17b]" started-at="2023-10-31T16:35:07 CDT" name="testLinksOnMainPage" finished-at="2023-10-31T16:35:36 CDT" duration-ms="28553" status="PASS">
          <reporter-output>
          </reporter-output>
        </test-method> <!-- testLinksOnMainPage -->
        <test-method is-config="true" signature="afterActions(org.testng.ITestResult)[pri:0, instance:com.romanceabroad.ui.MainTests@384ad17b]" started-at="2023-10-31T16:35:36 CDT" name="afterActions" finished-at="2023-10-31T16:35:36 CDT" duration-ms="101" status="PASS">
          <params>
            <param index="0">
              <value>
                <![CDATA[[TestResult name=testLinksOnMainPage status=SUCCESS method=MainTests.testLinksOnMainPage()[pri:0, instance:com.romanceabroad.ui.MainTests@384ad17b] output={null}]]]>
              </value>
            </param>
          </params>
          <reporter-output>
          </reporter-output>
        </test-method> <!-- afterActions -->
      </class> <!-- com.romanceabroad.ui.MainTests -->
    </test> <!-- ChromeTestCases -->
  </suite> <!-- TestSuite -->
</testng-results>
