<?xml version="1.0" encoding="UTF-8"?>
<!-- Generated by org.testng.reporters.JUnitXMLReporter -->
<testsuite ignored="0" hostname="DESKTOP-OIDSKCV" failures="0" tests="20" name="ChromeTestCases" time="572.183" errors="0" timestamp="2023-10-30T10:24:16 CDT">
  <testcase classname="com.romanceabroad.ui.RegistrationTests" name="testRegistration" time="4.346"/>
  <testcase classname="com.romanceabroad.ui.RegistrationTests" name="testRegistration" time="2.41"/>
  <testcase classname="com.romanceabroad.ui.RegistrationTests" name="testRegistration" time="2.395"/>
  <testcase classname="com.romanceabroad.ui.RegistrationTests" name="testRegistration2" time="8.145"/>
  <testcase classname="com.romanceabroad.ui.BlogTests" name="collectAllLinksOfArticles" time="0.056"/>
  <testcase classname="com.romanceabroad.ui.BlogTests" name="testBlogLink" time="2.013"/>
  <testcase classname="com.romanceabroad.ui.GiftTests" name="testGiftsLink" time="2.606"/>
  <testcase classname="com.romanceabroad.ui.MainTests" name="MainPageTest" time="0.414"/>
  <testcase classname="com.romanceabroad.ui.MainTests" name="testLinksOnMainPage" time="7.79"/>
  <testcase classname="com.romanceabroad.ui.HowWeWorkTests" name="testHowWeWorkLink" time="1.875"/>
  <testcase classname="com.romanceabroad.ui.PhotosTests" name="testMediaPage" time="9.067"/>
  <testcase classname="com.romanceabroad.ui.SearchTests" name="Loops1" time="12.262"/>
  <testcase classname="com.romanceabroad.ui.SearchTests" name="searchDifferentResults13" time="75.099"/>
  <testcase classname="com.romanceabroad.ui.SearchTests" name="searchDifferentResults13" time="7.355"/>
  <testcase classname="com.romanceabroad.ui.SearchTests" name="searchDifferentResults13" time="76.332"/>
  <testcase classname="com.romanceabroad.ui.SearchTests" name="searchDifferentResults13" time="5.789"/>
  <testcase classname="com.romanceabroad.ui.SearchTests" name="testSearchPageTestCase12" time="1.719"/>
  <testcase classname="com.romanceabroad.ui.SearchTests" name="selectRandomDropDownListOnSearchPageTestCase11" time="238.643"/>
  <testcase classname="com.romanceabroad.ui.SignInTests" name="testSignInTest" time="0.178"/>
  <testcase classname="com.romanceabroad.ui.TourToUkraineTests" name="testTourToUkraineLink" time="2.249"/>
</testsuite> <!-- ChromeTestCases -->
